<?xml version="1.0" encoding="UTF-8"?>
<!-- Generated by org.testng.reporters.JUnitXMLReporter -->
<testsuite hostname="BDC6-DX-6GN5NK2" name="Default test" tests="4" failures="0" timestamp="20 Nov 2019 11:06:30 GMT" time="21.039" errors="0">
  <testcase name="@BeforeTest beforeTest" time="0.0" classname="seleniumdemos1.Report">
    <failure type="org.openqa.selenium.SessionNotCreatedException" message="session not created
from chrome not reachable
  (Session info: chrome=78.0.3904.97)
Build info: version: &amp;apos;3.141.59&amp;apos;, revision: &amp;apos;e82be7d358&amp;apos;, time: &amp;apos;2018-11-14T08:17:03&amp;apos;
System info: host: &amp;apos;BDC6-DX-6GN5NK2&amp;apos;, ip: &amp;apos;10.116.240.37&amp;apos;, os.name: &amp;apos;Windows 10&amp;apos;, os.arch: &amp;apos;amd64&amp;apos;, os.version: &amp;apos;10.0&amp;apos;, java.version: &amp;apos;1.8.0_131&amp;apos;
Driver info: driver.version: ChromeDriver
remote stacktrace: Backtrace:
	Ordinal0 [0x00EEA903+1550595]
	Ordinal0 [0x00E6A701+1025793]
	Ordinal0 [0x00DEC58E+509326]
	Ordinal0 [0x00DE62C2+484034]
	Ordinal0 [0x00DE699B+485787]
	Ordinal0 [0x00DE7B05+490245]
	Ordinal0 [0x00DE3A85+473733]
	Ordinal0 [0x00DED330+512816]
	Ordinal0 [0x00D9B649+177737]
	Ordinal0 [0x00D9A8ED+174317]
	Ordinal0 [0x00D98CDB+167131]
	Ordinal0 [0x00D8144A+70730]
	Ordinal0 [0x00D824D0+74960]
	Ordinal0 [0x00D82469+74857]
	Ordinal0 [0x00E842C7+1131207]
	GetHandleVerifier [0x00F870FD+523789]
	GetHandleVerifier [0x00F86E90+523168]
	GetHandleVerifier [0x00F8E1E7+552695]
	GetHandleVerifier [0x00F878FA+525834]
	Ordinal0 [0x00E7B7FC+1095676]
	Ordinal0 [0x00E8633B+1139515]
	Ordinal0 [0x00E864A3+1139875]
	Ordinal0 [0x00E85425+1135653]
	BaseThreadInitThunk [0x76B26359+25]
	RtlGetAppContainerNamedObjectPath [0x77607B74+228]
	RtlGetAppContainerNamedObjectPath [0x77607B44+180]
">
      <![CDATA[org.openqa.selenium.SessionNotCreatedException: session not created
from chrome not reachable
  (Session info: chrome=78.0.3904.97)
Build info: version: '3.141.59', revision: 'e82be7d358', time: '2018-11-14T08:17:03'
System info: host: 'BDC6-DX-6GN5NK2', ip: '10.116.240.37', os.name: 'Windows 10', os.arch: 'amd64', os.version: '10.0', java.version: '1.8.0_131'
Driver info: driver.version: ChromeDriver
remote stacktrace: Backtrace:
	Ordinal0 [0x00EEA903+1550595]
	Ordinal0 [0x00E6A701+1025793]
	Ordinal0 [0x00DEC58E+509326]
	Ordinal0 [0x00DE62C2+484034]
	Ordinal0 [0x00DE699B+485787]
	Ordinal0 [0x00DE7B05+490245]
	Ordinal0 [0x00DE3A85+473733]
	Ordinal0 [0x00DED330+512816]
	Ordinal0 [0x00D9B649+177737]
	Ordinal0 [0x00D9A8ED+174317]
	Ordinal0 [0x00D98CDB+167131]
	Ordinal0 [0x00D8144A+70730]
	Ordinal0 [0x00D824D0+74960]
	Ordinal0 [0x00D82469+74857]
	Ordinal0 [0x00E842C7+1131207]
	GetHandleVerifier [0x00F870FD+523789]
	GetHandleVerifier [0x00F86E90+523168]
	GetHandleVerifier [0x00F8E1E7+552695]
	GetHandleVerifier [0x00F878FA+525834]
	Ordinal0 [0x00E7B7FC+1095676]
	Ordinal0 [0x00E8633B+1139515]
	Ordinal0 [0x00E864A3+1139875]
	Ordinal0 [0x00E85425+1135653]
	BaseThreadInitThunk [0x76B26359+25]
	RtlGetAppContainerNamedObjectPath [0x77607B74+228]
	RtlGetAppContainerNamedObjectPath [0x77607B44+180]

	at sun.reflect.NativeConstructorAccessorImpl.newInstance0(Native Method)
	at sun.reflect.NativeConstructorAccessorImpl.newInstance(Unknown Source)
	at sun.reflect.DelegatingConstructorAccessorImpl.newInstance(Unknown Source)
	at java.lang.reflect.Constructor.newInstance(Unknown Source)
	at org.openqa.selenium.remote.W3CHandshakeResponse.lambda$errorHandler$0(W3CHandshakeResponse.java:62)
	at org.openqa.selenium.remote.HandshakeResponse.lambda$getResponseFunction$0(HandshakeResponse.java:30)
	at org.openqa.selenium.remote.ProtocolHandshake.lambda$createSession$0(ProtocolHandshake.java:126)
	at java.util.stream.ReferencePipeline$3$1.accept(Unknown Source)
	at java.util.Spliterators$ArraySpliterator.tryAdvance(Unknown Source)
	at java.util.stream.ReferencePipeline.forEachWithCancel(Unknown Source)
	at java.util.stream.AbstractPipeline.copyIntoWithCancel(Unknown Source)
	at java.util.stream.AbstractPipeline.copyInto(Unknown Source)
	at java.util.stream.AbstractPipeline.wrapAndCopyInto(Unknown Source)
	at java.util.stream.FindOps$FindOp.evaluateSequential(Unknown Source)
	at java.util.stream.AbstractPipeline.evaluate(Unknown Source)
	at java.util.stream.ReferencePipeline.findFirst(Unknown Source)
	at org.openqa.selenium.remote.ProtocolHandshake.createSession(ProtocolHandshake.java:128)
	at org.openqa.selenium.remote.ProtocolHandshake.createSession(ProtocolHandshake.java:74)
	at org.openqa.selenium.remote.HttpCommandExecutor.execute(HttpCommandExecutor.java:136)
	at org.openqa.selenium.remote.service.DriverCommandExecutor.execute(DriverCommandExecutor.java:83)
	at org.openqa.selenium.remote.RemoteWebDriver.execute(RemoteWebDriver.java:552)
	at org.openqa.selenium.remote.RemoteWebDriver.startSession(RemoteWebDriver.java:213)
	at org.openqa.selenium.remote.RemoteWebDriver.<init>(RemoteWebDriver.java:131)
	at org.openqa.selenium.chrome.ChromeDriver.<init>(ChromeDriver.java:181)
	at org.openqa.selenium.chrome.ChromeDriver.<init>(ChromeDriver.java:168)
	at org.openqa.selenium.chrome.ChromeDriver.<init>(ChromeDriver.java:123)
	at seleniumdemos1.gendrivers.ConfigureBrowser(gendrivers.java:15)
	at seleniumdemos1.Report.beforeTest(Report.java:109)
	at sun.reflect.NativeMethodAccessorImpl.invoke0(Native Method)
	at sun.reflect.NativeMethodAccessorImpl.invoke(Unknown Source)
	at sun.reflect.DelegatingMethodAccessorImpl.invoke(Unknown Source)
	at java.lang.reflect.Method.invoke(Unknown Source)
	at org.testng.internal.MethodInvocationHelper.invokeMethod(MethodInvocationHelper.java:85)
	at org.testng.internal.Invoker.invokeConfigurationMethod(Invoker.java:521)
	at org.testng.internal.Invoker.invokeConfigurations(Invoker.java:213)
	at org.testng.internal.Invoker.invokeConfigurations(Invoker.java:140)
	at org.testng.TestRunner.beforeRun(TestRunner.java:645)
	at org.testng.TestRunner.run(TestRunner.java:613)
	at org.testng.SuiteRunner.runTest(SuiteRunner.java:357)
	at org.testng.SuiteRunner.runSequentially(SuiteRunner.java:352)
	at org.testng.SuiteRunner.privateRun(SuiteRunner.java:310)
	at org.testng.SuiteRunner.run(SuiteRunner.java:259)
	at org.testng.SuiteRunnerWorker.runSuite(SuiteRunnerWorker.java:52)
	at org.testng.SuiteRunnerWorker.run(SuiteRunnerWorker.java:86)
	at org.testng.TestNG.runSuitesSequentially(TestNG.java:1200)
	at org.testng.TestNG.runSuitesLocally(TestNG.java:1125)
	at org.testng.TestNG.run(TestNG.java:1033)
	at org.testng.remote.RemoteTestNG.run(RemoteTestNG.java:111)
	at org.testng.remote.RemoteTestNG.initAndRun(RemoteTestNG.java:204)
	at org.testng.remote.RemoteTestNG.main(RemoteTestNG.java:175)
]]>
    </failure>
  </testcase> <!-- @BeforeTest beforeTest -->
  <testcase name="@AfterMethod getResult" time="0.0" classname="seleniumdemos1.Report">
    <skipped/>
  </testcase> <!-- @AfterMethod getResult -->
  <testcase name="@AfterMethod getResult" time="0.0" classname="seleniumdemos1.Report">
    <skipped/>
  </testcase> <!-- @AfterMethod getResult -->
  <testcase name="@AfterMethod getResult" time="0.0" classname="seleniumdemos1.Report">
    <skipped/>
  </testcase> <!-- @AfterMethod getResult -->
  <testcase name="@AfterMethod getResult" time="0.0" classname="seleniumdemos1.Report">
    <skipped/>
  </testcase> <!-- @AfterMethod getResult -->
  <testcase name="@AfterTest afterTest" time="0.0" classname="seleniumdemos1.Report">
    <skipped/>
  </testcase> <!-- @AfterTest afterTest -->
  <testcase name="testRegistration" time="0.003" classname="seleniumdemos1.Report">
    <skipped/>
  </testcase> <!-- testRegistration -->
  <testcase name="testlogin" time="0.005" classname="seleniumdemos1.Report">
    <skipped/>
  </testcase> <!-- testlogin -->
  <testcase name="testcart" time="0.0" classname="seleniumdemos1.Report">
    <skipped/>
  </testcase> <!-- testcart -->
  <testcase name="testpayment" time="0.001" classname="seleniumdemos1.Report">
    <skipped/>
  </testcase> <!-- testpayment -->
</testsuite> <!-- Default test -->
